<?xml version="1.0" encoding="UTF-8"?>
<!-- Generated by org.testng.reporters.JUnitReportReporter -->
<testsuite name="MyCompany.GoogleApi.TestPackage.Example1Test" tests="3" time="0.152" ignored="0" failures="0" timestamp="02 Apr 2017 17:43:29 GMT" skipped="0" hostname="Vayuputhra" errors="0">
  <testcase name="T02_SearchTermTest" time="0.138" classname="MyCompany.GoogleApi.TestPackage.Example1Test"/>
  <testcase name="T01_StatusCodeTest" time="0.013" classname="MyCompany.GoogleApi.TestPackage.Example1Test"/>
  <testcase name="T03_verifyOnlyFourVideosReturned" time="0.001" classname="MyCompany.GoogleApi.TestPackage.Example1Test"/>
</testsuite> <!-- MyCompany.GoogleApi.TestPackage.Example1Test -->
